2023-03-28 22:54:10  INFO  - com.company.ApelsinApplication  - Starting ApelsinApplication using Java 17.0.2 on LAPTOP-0A2TJCAS with PID 18940 (C:\Users\SUKHROB\IdeaProjects\APELSIN\target\classes started by SUKHROB in C:\Users\SUKHROB\IdeaProjects\APELSIN)
2023-03-28 22:54:10  INFO  - com.company.ApelsinApplication  - No active profile set, falling back to 1 default profile: "default"
2023-03-28 22:54:11  INFO  - org.springframework.data.repository.config.RepositoryConfigurationDelegate  - Bootstrapping Spring Data JPA repositories in DEFAULT mode.
2023-03-28 22:54:11  INFO  - org.springframework.data.repository.config.RepositoryConfigurationDelegate  - Finished Spring Data repository scanning in 36 ms. Found 1 JPA repository interfaces.
2023-03-28 22:54:12  INFO  - org.springframework.boot.web.embedded.tomcat.TomcatWebServer  - Tomcat initialized with port(s): 8081 (http)
2023-03-28 22:54:12  INFO  - org.apache.catalina.core.StandardService  - Starting service [Tomcat]
2023-03-28 22:54:12  INFO  - org.apache.catalina.core.StandardEngine  - Starting Servlet engine: [Apache Tomcat/9.0.65]
2023-03-28 22:54:12  INFO  - org.apache.catalina.core.ContainerBase.[Tomcat].[localhost].[/]  - Initializing Spring embedded WebApplicationContext
2023-03-28 22:54:12  INFO  - org.springframework.boot.web.servlet.context.ServletWebServerApplicationContext  - Root WebApplicationContext: initialization completed in 1452 ms
2023-03-28 22:54:12  INFO  - org.hibernate.jpa.internal.util.LogHelper  - HHH000204: Processing PersistenceUnitInfo [name: default]
2023-03-28 22:54:12  INFO  - org.hibernate.Version  - HHH000412: Hibernate ORM core version 5.6.10.Final
2023-03-28 22:54:12  INFO  - org.hibernate.annotations.common.Version  - HCANN000001: Hibernate Commons Annotations {5.1.2.Final}
2023-03-28 22:54:12  INFO  - com.zaxxer.hikari.HikariDataSource  - HikariPool-1 - Starting...
2023-03-28 22:54:13  INFO  - com.zaxxer.hikari.HikariDataSource  - HikariPool-1 - Start completed.
2023-03-28 22:54:13  INFO  - org.hibernate.dialect.Dialect  - HHH000400: Using dialect: org.hibernate.dialect.PostgreSQL10Dialect
2023-03-28 22:54:13  WARN  - org.hibernate.id.UUIDHexGenerator  - HHH000409: Using org.hibernate.id.UUIDHexGenerator which does not generate IETF RFC 4122 compliant UUID values; consider using org.hibernate.id.UUIDGenerator instead
2023-03-28 22:54:14  WARN  - org.hibernate.engine.jdbc.spi.SqlExceptionHelper  - SQL Warning Code: 0, SQLState: 00000
2023-03-28 22:54:14  WARN  - org.hibernate.engine.jdbc.spi.SqlExceptionHelper  - ограничение "uk_qe9dtj732yl9u3oqhhsee4lps" в таблице "client" не существует, пропускается
2023-03-28 22:54:14  INFO  - org.hibernate.engine.transaction.jta.platform.internal.JtaPlatformInitiator  - HHH000490: Using JtaPlatform implementation: [org.hibernate.engine.transaction.jta.platform.internal.NoJtaPlatform]
2023-03-28 22:54:14  INFO  - org.springframework.orm.jpa.LocalContainerEntityManagerFactoryBean  - Initialized JPA EntityManagerFactory for persistence unit 'default'
2023-03-28 22:54:14  WARN  - org.springframework.boot.autoconfigure.orm.jpa.JpaBaseConfiguration$JpaWebConfiguration  - spring.jpa.open-in-view is enabled by default. Therefore, database queries may be performed during view rendering. Explicitly configure spring.jpa.open-in-view to disable this warning
2023-03-28 22:54:15  INFO  - org.springframework.security.web.DefaultSecurityFilterChain  - Will secure any request with [org.springframework.security.web.session.DisableEncodeUrlFilter@5b6ec94a, org.springframework.security.web.context.request.async.WebAsyncManagerIntegrationFilter@64745270, org.springframework.security.web.context.SecurityContextPersistenceFilter@5c30decf, org.springframework.security.web.header.HeaderWriterFilter@3fe3ebb3, org.springframework.security.web.authentication.logout.LogoutFilter@70ab1ce0, com.company.config.JwtTokenFilter@100aa331, org.springframework.security.web.savedrequest.RequestCacheAwareFilter@4a0f4282, org.springframework.security.web.servletapi.SecurityContextHolderAwareRequestFilter@3398ed12, org.springframework.security.web.authentication.AnonymousAuthenticationFilter@596d17f4, org.springframework.security.web.session.SessionManagementFilter@5aefdb9e, org.springframework.security.web.access.ExceptionTranslationFilter@6de4071b, org.springframework.security.web.access.intercept.FilterSecurityInterceptor@5ef48b08]
2023-03-28 22:54:15  INFO  - org.springframework.boot.web.embedded.tomcat.TomcatWebServer  - Tomcat started on port(s): 8081 (http) with context path ''
2023-03-28 22:54:15  INFO  - com.company.ApelsinApplication  - Started ApelsinApplication in 5.256 seconds (JVM running for 6.491)
2023-03-28 22:54:20  INFO  - org.springframework.orm.jpa.LocalContainerEntityManagerFactoryBean  - Closing JPA EntityManagerFactory for persistence unit 'default'
2023-03-28 22:54:20  INFO  - com.zaxxer.hikari.HikariDataSource  - HikariPool-1 - Shutdown initiated...
2023-03-28 22:54:20  INFO  - com.zaxxer.hikari.HikariDataSource  - HikariPool-1 - Shutdown completed.
